#
# A fatal error has been detected by the Java Runtime Environment:
#
#  EXCEPTION_ACCESS_VIOLATION (0xc0000005) at pc=0x00007ff85dd109e2, pid=24716, tid=25500
#
# JRE version: OpenJDK Runtime Environment Temurin-17.0.1+12 (17.0.1+12) (build 17.0.1+12)
# Java VM: OpenJDK 64-Bit Server VM Temurin-17.0.1+12 (17.0.1+12, mixed mode, sharing, tiered, compressed oops, compressed class ptrs, g1 gc, windows-amd64)
# Problematic frame:
# C  [ntdll.dll+0x209e2]
#
# No core dump will be written. Minidumps are not enabled by default on client versions of Windows
#
# If you would like to submit a bug report, please visit:
#   https://github.com/adoptium/adoptium-support/issues
# The crash happened outside the Java Virtual Machine in native code.
# See problematic frame for where to report the bug.
#

---------------  S U M M A R Y ------------

Command Line: -javaagent:C:\Program Files\JetBrains\IntelliJ IDEA 2022.2.1\lib\idea_rt.jar=2485:C:\Program Files\JetBrains\IntelliJ IDEA 2022.2.1\bin -Dfile.encoding=UTF-8 MyAgent -develop

Host: Intel(R) Core(TM) i7-9750H CPU @ 2.60GHz, 12 cores, 31G,  Windows 10 , 64 bit Build 22621 (10.0.22621.608)
Time: Mon Oct 17 13:22:25 2022 South Africa Standard Time elapsed time: 2.107686 seconds (0d 0h 0m 2s)

---------------  T H R E A D  ---------------

Current thread (0x00000255888ed750):  JavaThread "AWT-EventQueue-0" [_thread_in_native, id=25500, stack(0x000000e805f00000,0x000000e806000000)]

Stack: [0x000000e805f00000,0x000000e806000000],  sp=0x000000e805ffd060,  free space=1012k
Native frames: (J=compiled Java code, j=interpreted, Vv=VM code, C=native code)
C  [ntdll.dll+0x209e2]
C  [ntdll.dll+0x1e9c0]
C  [ntdll.dll+0xa2e0e]
C  [ntdll.dll+0x3415a]
C  [ntdll.dll+0x21f64]
C  [ntdll.dll+0x21d52]
C  0x00007ff8469c815a

Java frames: (J=compiled Java code, j=interpreted, Vv=VM code)
j  sun.java2d.d3d.D3DSurfaceData.initOps(III)V+0 java.desktop@17.0.1
j  sun.java2d.d3d.D3DSurfaceData.<init>(Lsun/awt/windows/WComponentPeer;Lsun/java2d/d3d/D3DGraphicsConfig;IILjava/awt/Image;Ljava/awt/image/ColorModel;IILsun/java2d/pipe/hw/ExtendedBufferCapabilities$VSyncType;I)V+212 java.desktop@17.0.1
j  sun.java2d.d3d.D3DSurfaceData.createData(Lsun/java2d/d3d/D3DGraphicsConfig;IILjava/awt/image/ColorModel;Ljava/awt/Image;I)Lsun/java2d/d3d/D3DSurfaceData;+70 java.desktop@17.0.1
j  sun.java2d.d3d.D3DVolatileSurfaceManager.initAcceleratedSurface()Lsun/java2d/SurfaceData;+142 java.desktop@17.0.1
j  sun.java2d.d3d.D3DVolatileSurfaceManager.restoreAcceleratedSurface()V+49 java.desktop@17.0.1
j  sun.awt.image.VolatileSurfaceManager.validate(Ljava/awt/GraphicsConfiguration;)I+94 java.desktop@17.0.1
j  sun.awt.image.SunVolatileImage.validate(Ljava/awt/GraphicsConfiguration;)I+5 java.desktop@17.0.1
j  javax.swing.RepaintManager$PaintManager.paint(Ljavax/swing/JComponent;Ljavax/swing/JComponent;Ljava/awt/Graphics;IIII)Z+78 java.desktop@17.0.1
j  javax.swing.RepaintManager.paint(Ljavax/swing/JComponent;Ljavax/swing/JComponent;Ljava/awt/Graphics;IIII)V+52 java.desktop@17.0.1
j  javax.swing.JComponent.paint(Ljava/awt/Graphics;)V+221 java.desktop@17.0.1
j  java.awt.GraphicsCallback$PaintCallback.run(Ljava/awt/Component;Ljava/awt/Graphics;)V+2 java.desktop@17.0.1
j  sun.awt.SunGraphicsCallback.runOneComponent(Ljava/awt/Component;Ljava/awt/Rectangle;Ljava/awt/Graphics;Ljava/awt/Shape;I)V+130 java.desktop@17.0.1
j  sun.awt.SunGraphicsCallback.runComponents([Ljava/awt/Component;Ljava/awt/Graphics;I)V+157 java.desktop@17.0.1
j  java.awt.Container.paint(Ljava/awt/Graphics;)V+58 java.desktop@17.0.1
j  java.awt.Window.paint(Ljava/awt/Graphics;)V+68 java.desktop@17.0.1
j  javax.swing.RepaintManager$4.run()Ljava/lang/Void;+142 java.desktop@17.0.1
j  javax.swing.RepaintManager$4.run()Ljava/lang/Object;+1 java.desktop@17.0.1
J 678 c1 java.security.AccessController.executePrivileged(Ljava/security/PrivilegedAction;Ljava/security/AccessControlContext;Ljava/lang/Class;)Ljava/lang/Object; java.base@17.0.1 (65 bytes) @ 0x00000255e24c33bc [0x00000255e24c3260+0x000000000000015c]
j  java.security.AccessController.doPrivileged(Ljava/security/PrivilegedAction;Ljava/security/AccessControlContext;)Ljava/lang/Object;+13 java.base@17.0.1
j  java.security.ProtectionDomain$JavaSecurityAccessImpl.doIntersectionPrivilege(Ljava/security/PrivilegedAction;Ljava/security/AccessControlContext;Ljava/security/AccessControlContext;)Ljava/lang/Object;+18 java.base@17.0.1
j  javax.swing.RepaintManager.paintDirtyRegions(Ljava/util/Map;)V+154 java.desktop@17.0.1
j  javax.swing.RepaintManager.paintDirtyRegions()V+46 java.desktop@17.0.1
j  javax.swing.RepaintManager.prePaintDirtyRegions()V+73 java.desktop@17.0.1
j  javax.swing.RepaintManager$ProcessingRunnable.run()V+37 java.desktop@17.0.1
j  java.awt.event.InvocationEvent.dispatch()V+47 java.desktop@17.0.1
j  java.awt.EventQueue.dispatchEventImpl(Ljava/awt/AWTEvent;Ljava/lang/Object;)V+21 java.desktop@17.0.1
j  java.awt.EventQueue$4.run()Ljava/lang/Void;+32 java.desktop@17.0.1
j  java.awt.EventQueue$4.run()Ljava/lang/Object;+1 java.desktop@17.0.1
J 678 c1 java.security.AccessController.executePrivileged(Ljava/security/PrivilegedAction;Ljava/security/AccessControlContext;Ljava/lang/Class;)Ljava/lang/Object; java.base@17.0.1 (65 bytes) @ 0x00000255e24c33bc [0x00000255e24c3260+0x000000000000015c]
j  java.security.AccessController.doPrivileged(Ljava/security/PrivilegedAction;Ljava/security/AccessControlContext;)Ljava/lang/Object;+13 java.base@17.0.1
j  java.security.ProtectionDomain$JavaSecurityAccessImpl.doIntersectionPrivilege(Ljava/security/PrivilegedAction;Ljava/security/AccessControlContext;Ljava/security/AccessControlContext;)Ljava/lang/Object;+18 java.base@17.0.1
j  java.awt.EventQueue.dispatchEvent(Ljava/awt/AWTEvent;)V+46 java.desktop@17.0.1
j  java.awt.EventDispatchThread.pumpOneEventForFilters(I)V+78 java.desktop@17.0.1
j  java.awt.EventDispatchThread.pumpEventsForFilter(ILjava/awt/Conditional;Ljava/awt/EventFilter;)V+35 java.desktop@17.0.1
j  java.awt.EventDispatchThread.pumpEventsForHierarchy(ILjava/awt/Conditional;Ljava/awt/Component;)V+11 java.desktop@17.0.1
j  java.awt.EventDispatchThread.pumpEvents(ILjava/awt/Conditional;)V+4 java.desktop@17.0.1
j  java.awt.EventDispatchThread.pumpEvents(Ljava/awt/Conditional;)V+3 java.desktop@17.0.1
j  java.awt.EventDispatchThread.run()V+9 java.desktop@17.0.1
v  ~StubRoutines::call_stub

siginfo: EXCEPTION_ACCESS_VIOLATION (0xc0000005), reading address 0x00007ff846b52940


Register to memory mapping:

RIP=0x00007ff85dd109e2 ntdll.dll
RAX=0x0000000000002e50 is an unknown value
RBX=0x000000000001815a is an unknown value
RCX=0x000000000000b94c is an unknown value
RDX=0x0000000000000f71 is an unknown value
RSP=0x000000e805ffd060 is pointing into the stack for thread: 0x00000255888ed750
RBP=0x000000e805ffd610 is pointing into the stack for thread: 0x00000255888ed750
RSI=0x0 is NULL
RDI=0x00007ff846b47000 is an unknown value
R8 =0x00007ff85de89640 ntdll.dll
R9 =0x00007ff85de75090 ntdll.dll
R10=0x0 is NULL
R11=0x00007ff85de89520 ntdll.dll
R12=0x00007ff8469c815a is an unknown value
R13=0x000000e805ffd110 is pointing into the stack for thread: 0x00000255888ed750
R14=0x000000e805ffd6d0 is pointing into the stack for thread: 0x00000255888ed750
R15=0x000000e805ffd648 is pointing into the stack for thread: 0x00000255888ed750


Registers:
RAX=0x0000000000002e50, RBX=0x000000000001815a, RCX=0x000000000000b94c, RDX=0x0000000000000f71
RSP=0x000000e805ffd060, RBP=0x000000e805ffd610, RSI=0x0000000000000000, RDI=0x00007ff846b47000
R8 =0x00007ff85de89640, R9 =0x00007ff85de75090, R10=0x0000000000000000, R11=0x00007ff85de89520
R12=0x00007ff8469c815a, R13=0x000000e805ffd110, R14=0x000000e805ffd6d0, R15=0x000000e805ffd648
RIP=0x00007ff85dd109e2, EFLAGS=0x0000000000010206

Top of Stack: (sp=0x000000e805ffd060)
0x000000e805ffd060:   00007ff8469c815a 00007ff846b47000
0x000000e805ffd070:   000000e805ffdcf0 0000000000000000
0x000000e805ffd080:   00007ff846b47000 00007ff8469b0000
0x000000e805ffd090:   0000b94c001a8000 000000e805ffdcf0
0x000000e805ffd0a0:   000000e805ffd800 00007ff85dd0e9c0
0x000000e805ffd0b0:   000000e805ffdcf0 0000000000000000
0x000000e805ffd0c0:   0000000000000000 0000000000000000
0x000000e805ffd0d0:   000000e805ffd110 0000000000000000
0x000000e805ffd0e0:   000000e805ffd630 000000e805ffd620
0x000000e805ffd0f0:   000000e805ffd628 000000e805ffd6b0
0x000000e805ffd100:   0000025500000000 0000000000000000
0x000000e805ffd110:   00000255fef4fdd0 00007fffc4d54938
0x000000e805ffd120:   0000000000000003 000000e8ff152190
0x000000e805ffd130:   0000000000000000 000000e8ff21b288
0x000000e805ffd140:   00001fa20010000f 0000025500000033
0x000000e805ffd150:   00010213002b5410 00000255888ed750 

Instructions: (pc=0x00007ff85dd109e2)
0x00007ff85dd108e2:   10 48 10 0f 11 49 10 0f 10 40 20 0f 11 41 20 0f
0x00007ff85dd108f2:   10 48 30 0f 11 49 30 0f 10 40 40 0f 11 41 40 0f
0x00007ff85dd10902:   10 48 50 0f 11 49 50 0f 10 40 60 0f 11 41 60 0f
0x00007ff85dd10912:   10 40 70 0f 11 44 11 f0 0f 10 0c 10 0f 11 0c 11
0x00007ff85dd10922:   0f 10 44 10 10 0f 11 44 11 10 48 8b 5c 24 30 48
0x00007ff85dd10932:   8b 74 24 38 48 83 c4 20 5f c3 cc 23 ca 3b ca 0f
0x00007ff85dd10942:   85 38 fe ff ff e9 52 9f 08 00 cc cc cc cc cc cc
0x00007ff85dd10952:   cc cc cc cc cc cc 71 62 50 34 55 bf e5 cf 48 89
0x00007ff85dd10962:   5c 24 18 4c 89 74 24 20 41 57 48 83 ec 40 4d 8b
0x00007ff85dd10972:   f0 4c 8b fa 48 8b d9 4d 85 c0 0f 85 f9 00 00 00
0x00007ff85dd10982:   48 8b 0d 9f 8b 17 00 48 89 74 24 50 48 89 7c 24
0x00007ff85dd10992:   58 48 3b d9 0f 83 86 01 00 00 48 8d 54 24 20 48
0x00007ff85dd109a2:   8b cb e8 37 03 00 00 48 8b f8 48 85 ff 0f 84 f5
0x00007ff85dd109b2:   02 00 00 48 8b 4c 24 28 48 b8 ab aa aa aa aa aa
0x00007ff85dd109c2:   aa aa 49 89 0f 33 f6 8b 4c 24 34 48 f7 e1 48 c1
0x00007ff85dd109d2:   ea 03 85 d2 74 65 49 2b 1f 8d 42 ff 48 8d 04 40
0x00007ff85dd109e2:   44 8b 1c 87 4c 8d 14 87 49 3b db 73 3a 44 8d 42
0x00007ff85dd109f2:   fe 44 8b ce 45 85 c0 78 2e 0f 1f 44 00 00 43 8d
0x00007ff85dd10a02:   04 08 d1 f8 48 63 c8 48 8d 14 49 4c 8d 14 97 8b
0x00007ff85dd10a12:   14 97 48 3b da 0f 83 ec 00 00 00 44 8d 40 ff 44
0x00007ff85dd10a22:   8b da 45 3b c1 7d d7 41 8b c3 48 3b d8 72 0c 41
0x00007ff85dd10a32:   8b 42 04 48 3b d8 73 03 49 8b f2 48 8b 7c 24 58
0x00007ff85dd10a42:   48 85 f6 74 09 4d 85 f6 0f 85 08 01 00 00 48 8b
0x00007ff85dd10a52:   c6 48 85 f6 74 0c 8b 4e 08 f6 c1 01 0f 85 59 02
0x00007ff85dd10a62:   00 00 48 8b 74 24 50 48 8b 5c 24 60 4c 8b 74 24
0x00007ff85dd10a72:   68 48 83 c4 40 41 5f c3 cc 41 80 78 07 00 4c 8d
0x00007ff85dd10a82:   1d a9 89 17 00 0f 85 c9 01 00 00 41 80 78 06 00
0x00007ff85dd10a92:   0f 84 ea fe ff ff 48 3b 1d 99 89 17 00 0f 83 3d
0x00007ff85dd10aa2:   01 00 00 49 3b 5e 08 0f 82 d3 fe ff ff 49 3b 5e
0x00007ff85dd10ab2:   10 0f 83 c9 fe ff ff 45 0f b6 56 04 45 8b 06 41
0x00007ff85dd10ac2:   8b d2 45 3b d0 0f 83 b5 fe ff ff 8b ca 8b c2 48
0x00007ff85dd10ad2:   03 c0 4d 8b 4c c6 18 48 8d 41 02 48 03 c0 49 8b 


Stack slot to memory mapping:
stack at sp + 0 slots: 0x00007ff8469c815a is an unknown value
stack at sp + 1 slots: 0x00007ff846b47000 is an unknown value
stack at sp + 2 slots: 0x000000e805ffdcf0 is pointing into the stack for thread: 0x00000255888ed750
stack at sp + 3 slots: 0x0 is NULL
stack at sp + 4 slots: 0x00007ff846b47000 is an unknown value
stack at sp + 5 slots: 0x00007ff8469b0000 is an unknown value
stack at sp + 6 slots: 0x0000b94c001a8000 is an unknown value
stack at sp + 7 slots: 0x000000e805ffdcf0 is pointing into the stack for thread: 0x00000255888ed750


---------------  P R O C E S S  ---------------

Threads class SMR info:
_java_thread_list=0x00000255909c4110, length=20, elements={
0x00000255fef65cc0, 0x00000255fef66870, 0x00000255fef775a0, 0x00000255fef79e70,
0x00000255fef7b830, 0x00000255fef7c1e0, 0x00000255fef7cf70, 0x00000255fef7e750,
0x00000255ff90cc50, 0x00000255fef511d0, 0x00000255ffb69e00, 0x00000255ffb6a2d0,
0x00000255ffb8fda0, 0x00000255ffca3af0, 0x00000255888ed750, 0x000002558893e4c0,
0x00000255908edce0, 0x00000255908ebb30, 0x00000255908ee1b0, 0x00000255908ec000
}

Java Threads: ( => current thread )
  0x00000255fef65cc0 JavaThread "Reference Handler" daemon [_thread_blocked, id=9268, stack(0x000000e804c00000,0x000000e804d00000)]
  0x00000255fef66870 JavaThread "Finalizer" daemon [_thread_blocked, id=12804, stack(0x000000e804d00000,0x000000e804e00000)]
  0x00000255fef775a0 JavaThread "Signal Dispatcher" daemon [_thread_blocked, id=18288, stack(0x000000e804e00000,0x000000e804f00000)]
  0x00000255fef79e70 JavaThread "Attach Listener" daemon [_thread_blocked, id=2240, stack(0x000000e804f00000,0x000000e805000000)]
  0x00000255fef7b830 JavaThread "Service Thread" daemon [_thread_blocked, id=20596, stack(0x000000e805000000,0x000000e805100000)]
  0x00000255fef7c1e0 JavaThread "Monitor Deflation Thread" daemon [_thread_blocked, id=24896, stack(0x000000e805100000,0x000000e805200000)]
  0x00000255fef7cf70 JavaThread "C2 CompilerThread0" daemon [_thread_in_native, id=17880, stack(0x000000e805200000,0x000000e805300000)]
  0x00000255fef7e750 JavaThread "C1 CompilerThread0" daemon [_thread_blocked, id=15872, stack(0x000000e805300000,0x000000e805400000)]
  0x00000255ff90cc50 JavaThread "Sweeper thread" daemon [_thread_blocked, id=9280, stack(0x000000e805400000,0x000000e805500000)]
  0x00000255fef511d0 JavaThread "Common-Cleaner" daemon [_thread_blocked, id=372, stack(0x000000e805500000,0x000000e805600000)]
  0x00000255ffb69e00 JavaThread "Monitor Ctrl-Break" daemon [_thread_in_native, id=11184, stack(0x000000e805600000,0x000000e805700000)]
  0x00000255ffb6a2d0 JavaThread "Notification Thread" daemon [_thread_blocked, id=2512, stack(0x000000e805700000,0x000000e805800000)]
  0x00000255ffb8fda0 JavaThread "Java2D Disposer" daemon [_thread_blocked, id=9528, stack(0x000000e805900000,0x000000e805a00000)]
  0x00000255ffca3af0 JavaThread "AWT-Shutdown" [_thread_blocked, id=21620, stack(0x000000e805a00000,0x000000e805b00000)]
=>0x00000255888ed750 JavaThread "AWT-EventQueue-0" [_thread_in_native, id=25500, stack(0x000000e805f00000,0x000000e806000000)]
  0x000002558893e4c0 JavaThread "Thread-0" [_thread_blocked, id=21596, stack(0x000000e806000000,0x000000e806100000)]
  0x00000255908edce0 JavaThread "Thread-1" [_thread_blocked, id=5200, stack(0x000000e806200000,0x000000e806300000)]
  0x00000255908ebb30 JavaThread "TimerQueue" daemon [_thread_blocked, id=8432, stack(0x000000e806300000,0x000000e806400000)]
  0x00000255908ee1b0 JavaThread "DestroyJavaVM" [_thread_blocked, id=14960, stack(0x000000e804500000,0x000000e804600000)]
  0x00000255908ec000 JavaThread "SIGINT handler" daemon [_thread_blocked, id=25384, stack(0x000000e805e00000,0x000000e805f00000)]

Other Threads:
  0x00000255fef62230 VMThread "VM Thread" [stack: 0x000000e804b00000,0x000000e804c00000] [id=16764]
  0x00000255da3fd1a0 WatcherThread [stack: 0x000000e805800000,0x000000e805900000] [id=7176]
  0x00000255da3e8fc0 GCTaskThread "GC Thread#0" [stack: 0x000000e804600000,0x000000e804700000] [id=24188]
  0x00000255909be1c0 GCTaskThread "GC Thread#1" [stack: 0x000000e806100000,0x000000e806200000] [id=1720]
  0x00000255ffcebef0 GCTaskThread "GC Thread#2" [stack: 0x000000e806520000,0x000000e806620000] [id=23244]
  0x0000025590bf7c50 GCTaskThread "GC Thread#3" [stack: 0x000000e806620000,0x000000e806720000] [id=19952]
  0x00000255889baf50 GCTaskThread "GC Thread#4" [stack: 0x000000e806720000,0x000000e806820000] [id=6036]
  0x00000255887bbc40 GCTaskThread "GC Thread#5" [stack: 0x000000e806820000,0x000000e806920000] [id=18268]
  0x00000255909d6f10 GCTaskThread "GC Thread#6" [stack: 0x000000e806920000,0x000000e806a20000] [id=15540]
  0x00000255909d71c0 GCTaskThread "GC Thread#7" [stack: 0x000000e806a20000,0x000000e806b20000] [id=22596]
  0x00000255889f5720 GCTaskThread "GC Thread#8" [stack: 0x000000e806b20000,0x000000e806c20000] [id=21768]
  0x00000255889f59d0 GCTaskThread "GC Thread#9" [stack: 0x000000e806c20000,0x000000e806d20000] [id=25044]
  0x00000255d81edf40 ConcurrentGCThread "G1 Main Marker" [stack: 0x000000e804700000,0x000000e804800000] [id=1672]
  0x00000255d81eeab0 ConcurrentGCThread "G1 Conc#0" [stack: 0x000000e804800000,0x000000e804900000] [id=20756]
  0x00000255da43ec50 ConcurrentGCThread "G1 Refine#0" [stack: 0x000000e804900000,0x000000e804a00000] [id=13856]
  0x00000255fee1e880 ConcurrentGCThread "G1 Service" [stack: 0x000000e804a00000,0x000000e804b00000] [id=21732]

Threads with active compile tasks:
C2 CompilerThread0     2193 1320 % !   4       MyAgent::run @ 720 (1272 bytes)

VM state: not at safepoint (normal execution)

VM Mutex/Monitor currently owned by a thread: None

Heap address: 0x0000000602800000, size: 8152 MB, Compressed Oops mode: Zero based, Oop shift amount: 3

CDS archive(s) mapped at: [0x0000000800000000-0x0000000800bc0000-0x0000000800bc0000), size 12320768, SharedBaseAddress: 0x0000000800000000, ArchiveRelocationMode: 0.
Compressed class space mapped at: 0x0000000800c00000-0x0000000840c00000, reserved size: 1073741824
Narrow klass base: 0x0000000800000000, Narrow klass shift: 0, Narrow klass range: 0x100000000

GC Precious Log:
 CPUs: 12 total, 12 available
 Memory: 32607M
 Large Page Support: Disabled
 NUMA Support: Disabled
 Compressed Oops: Enabled (Zero based)
 Heap Region Size: 4M
 Heap Min Capacity: 8M
 Heap Initial Capacity: 512M
 Heap Max Capacity: 8152M
 Pre-touch: Disabled
 Parallel Workers: 10
 Concurrent Workers: 3
 Concurrent Refinement Workers: 10
 Periodic GC: Disabled

Heap:
 garbage-first heap   total 524288K, used 3323K [0x0000000602800000, 0x0000000800000000)
  region size 4096K, 2 young (8192K), 1 survivors (4096K)
 Metaspace       used 8336K, committed 8512K, reserved 1056768K
  class space    used 928K, committed 1024K, reserved 1048576K

Heap Regions: E=young(eden), S=young(survivor), O=old, HS=humongous(starts), HC=humongous(continues), CS=collection set, F=free, OA=open archive, CA=closed archive, TAMS=top-at-mark-start (previous, next)
|   0|0x0000000602800000, 0x0000000602800000, 0x0000000602c00000|  0%| F|  |TAMS 0x0000000602800000, 0x0000000602800000| Untracked 
|   1|0x0000000602c00000, 0x0000000602c00000, 0x0000000603000000|  0%| F|  |TAMS 0x0000000602c00000, 0x0000000602c00000| Untracked 
|   2|0x0000000603000000, 0x0000000603000000, 0x0000000603400000|  0%| F|  |TAMS 0x0000000603000000, 0x0000000603000000| Untracked 
|   3|0x0000000603400000, 0x0000000603400000, 0x0000000603800000|  0%| F|  |TAMS 0x0000000603400000, 0x0000000603400000| Untracked 
|   4|0x0000000603800000, 0x0000000603800000, 0x0000000603c00000|  0%| F|  |TAMS 0x0000000603800000, 0x0000000603800000| Untracked 
|   5|0x0000000603c00000, 0x0000000603c00000, 0x0000000604000000|  0%| F|  |TAMS 0x0000000603c00000, 0x0000000603c00000| Untracked 
|   6|0x0000000604000000, 0x0000000604000000, 0x0000000604400000|  0%| F|  |TAMS 0x0000000604000000, 0x0000000604000000| Untracked 
|   7|0x0000000604400000, 0x0000000604400000, 0x0000000604800000|  0%| F|  |TAMS 0x0000000604400000, 0x0000000604400000| Untracked 
|   8|0x0000000604800000, 0x0000000604800000, 0x0000000604c00000|  0%| F|  |TAMS 0x0000000604800000, 0x0000000604800000| Untracked 
|   9|0x0000000604c00000, 0x0000000604c00000, 0x0000000605000000|  0%| F|  |TAMS 0x0000000604c00000, 0x0000000604c00000| Untracked 
|  10|0x0000000605000000, 0x0000000605000000, 0x0000000605400000|  0%| F|  |TAMS 0x0000000605000000, 0x0000000605000000| Untracked 
|  11|0x0000000605400000, 0x0000000605400000, 0x0000000605800000|  0%| F|  |TAMS 0x0000000605400000, 0x0000000605400000| Untracked 
|  12|0x0000000605800000, 0x0000000605800000, 0x0000000605c00000|  0%| F|  |TAMS 0x0000000605800000, 0x0000000605800000| Untracked 
|  13|0x0000000605c00000, 0x0000000605c00000, 0x0000000606000000|  0%| F|  |TAMS 0x0000000605c00000, 0x0000000605c00000| Untracked 
|  14|0x0000000606000000, 0x0000000606000000, 0x0000000606400000|  0%| F|  |TAMS 0x0000000606000000, 0x0000000606000000| Untracked 
|  15|0x0000000606400000, 0x0000000606400000, 0x0000000606800000|  0%| F|  |TAMS 0x0000000606400000, 0x0000000606400000| Untracked 
|  16|0x0000000606800000, 0x0000000606800000, 0x0000000606c00000|  0%| F|  |TAMS 0x0000000606800000, 0x0000000606800000| Untracked 
|  17|0x0000000606c00000, 0x0000000606c00000, 0x0000000607000000|  0%| F|  |TAMS 0x0000000606c00000, 0x0000000606c00000| Untracked 
|  18|0x0000000607000000, 0x0000000607000000, 0x0000000607400000|  0%| F|  |TAMS 0x0000000607000000, 0x0000000607000000| Untracked 
|  19|0x0000000607400000, 0x0000000607400000, 0x0000000607800000|  0%| F|  |TAMS 0x0000000607400000, 0x0000000607400000| Untracked 
|  20|0x0000000607800000, 0x0000000607800000, 0x0000000607c00000|  0%| F|  |TAMS 0x0000000607800000, 0x0000000607800000| Untracked 
|  21|0x0000000607c00000, 0x0000000607c00000, 0x0000000608000000|  0%| F|  |TAMS 0x0000000607c00000, 0x0000000607c00000| Untracked 
|  22|0x0000000608000000, 0x0000000608000000, 0x0000000608400000|  0%| F|  |TAMS 0x0000000608000000, 0x0000000608000000| Untracked 
|  23|0x0000000608400000, 0x0000000608400000, 0x0000000608800000|  0%| F|  |TAMS 0x0000000608400000, 0x0000000608400000| Untracked 
|  24|0x0000000608800000, 0x0000000608800000, 0x0000000608c00000|  0%| F|  |TAMS 0x0000000608800000, 0x0000000608800000| Untracked 
|  25|0x0000000608c00000, 0x0000000608c00000, 0x0000000609000000|  0%| F|  |TAMS 0x0000000608c00000, 0x0000000608c00000| Untracked 
|  26|0x0000000609000000, 0x0000000609000000, 0x0000000609400000|  0%| F|  |TAMS 0x0000000609000000, 0x0000000609000000| Untracked 
|  27|0x0000000609400000, 0x0000000609400000, 0x0000000609800000|  0%| F|  |TAMS 0x0000000609400000, 0x0000000609400000| Untracked 
|  28|0x0000000609800000, 0x0000000609800000, 0x0000000609c00000|  0%| F|  |TAMS 0x0000000609800000, 0x0000000609800000| Untracked 
|  29|0x0000000609c00000, 0x0000000609c00000, 0x000000060a000000|  0%| F|  |TAMS 0x0000000609c00000, 0x0000000609c00000| Untracked 
|  30|0x000000060a000000, 0x000000060a000000, 0x000000060a400000|  0%| F|  |TAMS 0x000000060a000000, 0x000000060a000000| Untracked 
|  31|0x000000060a400000, 0x000000060a400000, 0x000000060a800000|  0%| F|  |TAMS 0x000000060a400000, 0x000000060a400000| Untracked 
|  32|0x000000060a800000, 0x000000060a800000, 0x000000060ac00000|  0%| F|  |TAMS 0x000000060a800000, 0x000000060a800000| Untracked 
|  33|0x000000060ac00000, 0x000000060ac00000, 0x000000060b000000|  0%| F|  |TAMS 0x000000060ac00000, 0x000000060ac00000| Untracked 
|  34|0x000000060b000000, 0x000000060b000000, 0x000000060b400000|  0%| F|  |TAMS 0x000000060b000000, 0x000000060b000000| Untracked 
|  35|0x000000060b400000, 0x000000060b400000, 0x000000060b800000|  0%| F|  |TAMS 0x000000060b400000, 0x000000060b400000| Untracked 
|  36|0x000000060b800000, 0x000000060b800000, 0x000000060bc00000|  0%| F|  |TAMS 0x000000060b800000, 0x000000060b800000| Untracked 
|  37|0x000000060bc00000, 0x000000060bc00000, 0x000000060c000000|  0%| F|  |TAMS 0x000000060bc00000, 0x000000060bc00000| Untracked 
|  38|0x000000060c000000, 0x000000060c000000, 0x000000060c400000|  0%| F|  |TAMS 0x000000060c000000, 0x000000060c000000| Untracked 
|  39|0x000000060c400000, 0x000000060c400000, 0x000000060c800000|  0%| F|  |TAMS 0x000000060c400000, 0x000000060c400000| Untracked 
|  40|0x000000060c800000, 0x000000060c800000, 0x000000060cc00000|  0%| F|  |TAMS 0x000000060c800000, 0x000000060c800000| Untracked 
|  41|0x000000060cc00000, 0x000000060cc00000, 0x000000060d000000|  0%| F|  |TAMS 0x000000060cc00000, 0x000000060cc00000| Untracked 
|  42|0x000000060d000000, 0x000000060d000000, 0x000000060d400000|  0%| F|  |TAMS 0x000000060d000000, 0x000000060d000000| Untracked 
|  43|0x000000060d400000, 0x000000060d400000, 0x000000060d800000|  0%| F|  |TAMS 0x000000060d400000, 0x000000060d400000| Untracked 
|  44|0x000000060d800000, 0x000000060d800000, 0x000000060dc00000|  0%| F|  |TAMS 0x000000060d800000, 0x000000060d800000| Untracked 
|  45|0x000000060dc00000, 0x000000060dc00000, 0x000000060e000000|  0%| F|  |TAMS 0x000000060dc00000, 0x000000060dc00000| Untracked 
|  46|0x000000060e000000, 0x000000060e000000, 0x000000060e400000|  0%| F|  |TAMS 0x000000060e000000, 0x000000060e000000| Untracked 
|  47|0x000000060e400000, 0x000000060e400000, 0x000000060e800000|  0%| F|  |TAMS 0x000000060e400000, 0x000000060e400000| Untracked 
|  48|0x000000060e800000, 0x000000060e800000, 0x000000060ec00000|  0%| F|  |TAMS 0x000000060e800000, 0x000000060e800000| Untracked 
|  49|0x000000060ec00000, 0x000000060ec00000, 0x000000060f000000|  0%| F|  |TAMS 0x000000060ec00000, 0x000000060ec00000| Untracked 
|  50|0x000000060f000000, 0x000000060f000000, 0x000000060f400000|  0%| F|  |TAMS 0x000000060f000000, 0x000000060f000000| Untracked 
|  51|0x000000060f400000, 0x000000060f400000, 0x000000060f800000|  0%| F|  |TAMS 0x000000060f400000, 0x000000060f400000| Untracked 
|  52|0x000000060f800000, 0x000000060f800000, 0x000000060fc00000|  0%| F|  |TAMS 0x000000060f800000, 0x000000060f800000| Untracked 
|  53|0x000000060fc00000, 0x000000060fc00000, 0x0000000610000000|  0%| F|  |TAMS 0x000000060fc00000, 0x000000060fc00000| Untracked 
|  54|0x0000000610000000, 0x0000000610000000, 0x0000000610400000|  0%| F|  |TAMS 0x0000000610000000, 0x0000000610000000| Untracked 
|  55|0x0000000610400000, 0x0000000610400000, 0x0000000610800000|  0%| F|  |TAMS 0x0000000610400000, 0x0000000610400000| Untracked 
|  56|0x0000000610800000, 0x0000000610800000, 0x0000000610c00000|  0%| F|  |TAMS 0x0000000610800000, 0x0000000610800000| Untracked 
|  57|0x0000000610c00000, 0x0000000610c00000, 0x0000000611000000|  0%| F|  |TAMS 0x0000000610c00000, 0x0000000610c00000| Untracked 
|  58|0x0000000611000000, 0x0000000611000000, 0x0000000611400000|  0%| F|  |TAMS 0x0000000611000000, 0x0000000611000000| Untracked 
|  59|0x0000000611400000, 0x0000000611400000, 0x0000000611800000|  0%| F|  |TAMS 0x0000000611400000, 0x0000000611400000| Untracked 
|  60|0x0000000611800000, 0x0000000611800000, 0x0000000611c00000|  0%| F|  |TAMS 0x0000000611800000, 0x0000000611800000| Untracked 
|  61|0x0000000611c00000, 0x0000000611c00000, 0x0000000612000000|  0%| F|  |TAMS 0x0000000611c00000, 0x0000000611c00000| Untracked 
|  62|0x0000000612000000, 0x0000000612000000, 0x0000000612400000|  0%| F|  |TAMS 0x0000000612000000, 0x0000000612000000| Untracked 
|  63|0x0000000612400000, 0x0000000612400000, 0x0000000612800000|  0%| F|  |TAMS 0x0000000612400000, 0x0000000612400000| Untracked 
|  64|0x0000000612800000, 0x0000000612800000, 0x0000000612c00000|  0%| F|  |TAMS 0x0000000612800000, 0x0000000612800000| Untracked 
|  65|0x0000000612c00000, 0x0000000612c00000, 0x0000000613000000|  0%| F|  |TAMS 0x0000000612c00000, 0x0000000612c00000| Untracked 
|  66|0x0000000613000000, 0x0000000613000000, 0x0000000613400000|  0%| F|  |TAMS 0x0000000613000000, 0x0000000613000000| Untracked 
|  67|0x0000000613400000, 0x0000000613400000, 0x0000000613800000|  0%| F|  |TAMS 0x0000000613400000, 0x0000000613400000| Untracked 
|  68|0x0000000613800000, 0x0000000613800000, 0x0000000613c00000|  0%| F|  |TAMS 0x0000000613800000, 0x0000000613800000| Untracked 
|  69|0x0000000613c00000, 0x0000000613c00000, 0x0000000614000000|  0%| F|  |TAMS 0x0000000613c00000, 0x0000000613c00000| Untracked 
|  70|0x0000000614000000, 0x0000000614000000, 0x0000000614400000|  0%| F|  |TAMS 0x0000000614000000, 0x0000000614000000| Untracked 
|  71|0x0000000614400000, 0x0000000614400000, 0x0000000614800000|  0%| F|  |TAMS 0x0000000614400000, 0x0000000614400000| Untracked 
|  72|0x0000000614800000, 0x0000000614800000, 0x0000000614c00000|  0%| F|  |TAMS 0x0000000614800000, 0x0000000614800000| Untracked 
|  73|0x0000000614c00000, 0x0000000614c00000, 0x0000000615000000|  0%| F|  |TAMS 0x0000000614c00000, 0x0000000614c00000| Untracked 
|  74|0x0000000615000000, 0x0000000615000000, 0x0000000615400000|  0%| F|  |TAMS 0x0000000615000000, 0x0000000615000000| Untracked 
|  75|0x0000000615400000, 0x0000000615400000, 0x0000000615800000|  0%| F|  |TAMS 0x0000000615400000, 0x0000000615400000| Untracked 
|  76|0x0000000615800000, 0x0000000615800000, 0x0000000615c00000|  0%| F|  |TAMS 0x0000000615800000, 0x0000000615800000| Untracked 
|  77|0x0000000615c00000, 0x0000000615c00000, 0x0000000616000000|  0%| F|  |TAMS 0x0000000615c00000, 0x0000000615c00000| Untracked 
|  78|0x0000000616000000, 0x0000000616000000, 0x0000000616400000|  0%| F|  |TAMS 0x0000000616000000, 0x0000000616000000| Untracked 
|  79|0x0000000616400000, 0x0000000616400000, 0x0000000616800000|  0%| F|  |TAMS 0x0000000616400000, 0x0000000616400000| Untracked 
|  80|0x0000000616800000, 0x0000000616800000, 0x0000000616c00000|  0%| F|  |TAMS 0x0000000616800000, 0x0000000616800000| Untracked 
|  81|0x0000000616c00000, 0x0000000616c00000, 0x0000000617000000|  0%| F|  |TAMS 0x0000000616c00000, 0x0000000616c00000| Untracked 
|  82|0x0000000617000000, 0x0000000617000000, 0x0000000617400000|  0%| F|  |TAMS 0x0000000617000000, 0x0000000617000000| Untracked 
|  83|0x0000000617400000, 0x0000000617400000, 0x0000000617800000|  0%| F|  |TAMS 0x0000000617400000, 0x0000000617400000| Untracked 
|  84|0x0000000617800000, 0x0000000617800000, 0x0000000617c00000|  0%| F|  |TAMS 0x0000000617800000, 0x0000000617800000| Untracked 
|  85|0x0000000617c00000, 0x0000000617c00000, 0x0000000618000000|  0%| F|  |TAMS 0x0000000617c00000, 0x0000000617c00000| Untracked 
|  86|0x0000000618000000, 0x0000000618000000, 0x0000000618400000|  0%| F|  |TAMS 0x0000000618000000, 0x0000000618000000| Untracked 
|  87|0x0000000618400000, 0x0000000618400000, 0x0000000618800000|  0%| F|  |TAMS 0x0000000618400000, 0x0000000618400000| Untracked 
|  88|0x0000000618800000, 0x0000000618800000, 0x0000000618c00000|  0%| F|  |TAMS 0x0000000618800000, 0x0000000618800000| Untracked 
|  89|0x0000000618c00000, 0x0000000618c00000, 0x0000000619000000|  0%| F|  |TAMS 0x0000000618c00000, 0x0000000618c00000| Untracked 
|  90|0x0000000619000000, 0x0000000619000000, 0x0000000619400000|  0%| F|  |TAMS 0x0000000619000000, 0x0000000619000000| Untracked 
|  91|0x0000000619400000, 0x0000000619400000, 0x0000000619800000|  0%| F|  |TAMS 0x0000000619400000, 0x0000000619400000| Untracked 
|  92|0x0000000619800000, 0x0000000619800000, 0x0000000619c00000|  0%| F|  |TAMS 0x0000000619800000, 0x0000000619800000| Untracked 
|  93|0x0000000619c00000, 0x0000000619c00000, 0x000000061a000000|  0%| F|  |TAMS 0x0000000619c00000, 0x0000000619c00000| Untracked 
|  94|0x000000061a000000, 0x000000061a000000, 0x000000061a400000|  0%| F|  |TAMS 0x000000061a000000, 0x000000061a000000| Untracked 
|  95|0x000000061a400000, 0x000000061a400000, 0x000000061a800000|  0%| F|  |TAMS 0x000000061a400000, 0x000000061a400000| Untracked 
|  96|0x000000061a800000, 0x000000061a800000, 0x000000061ac00000|  0%| F|  |TAMS 0x000000061a800000, 0x000000061a800000| Untracked 
|  97|0x000000061ac00000, 0x000000061ac00000, 0x000000061b000000|  0%| F|  |TAMS 0x000000061ac00000, 0x000000061ac00000| Untracked 
|  98|0x000000061b000000, 0x000000061b000000, 0x000000061b400000|  0%| F|  |TAMS 0x000000061b000000, 0x000000061b000000| Untracked 
|  99|0x000000061b400000, 0x000000061b400000, 0x000000061b800000|  0%| F|  |TAMS 0x000000061b400000, 0x000000061b400000| Untracked 
| 100|0x000000061b800000, 0x000000061b800000, 0x000000061bc00000|  0%| F|  |TAMS 0x000000061b800000, 0x000000061b800000| Untracked 
| 101|0x000000061bc00000, 0x000000061bc00000, 0x000000061c000000|  0%| F|  |TAMS 0x000000061bc00000, 0x000000061bc00000| Untracked 
| 102|0x000000061c000000, 0x000000061c000000, 0x000000061c400000|  0%| F|  |TAMS 0x000000061c000000, 0x000000061c000000| Untracked 
| 103|0x000000061c400000, 0x000000061c400000, 0x000000061c800000|  0%| F|  |TAMS 0x000000061c400000, 0x000000061c400000| Untracked 
| 104|0x000000061c800000, 0x000000061c800000, 0x000000061cc00000|  0%| F|  |TAMS 0x000000061c800000, 0x000000061c800000| Untracked 
| 105|0x000000061cc00000, 0x000000061cc00000, 0x000000061d000000|  0%| F|  |TAMS 0x000000061cc00000, 0x000000061cc00000| Untracked 
| 106|0x000000061d000000, 0x000000061d000000, 0x000000061d400000|  0%| F|  |TAMS 0x000000061d000000, 0x000000061d000000| Untracked 
| 107|0x000000061d400000, 0x000000061d400000, 0x000000061d800000|  0%| F|  |TAMS 0x000000061d400000, 0x000000061d400000| Untracked 
| 108|0x000000061d800000, 0x000000061d800000, 0x000000061dc00000|  0%| F|  |TAMS 0x000000061d800000, 0x000000061d800000| Untracked 
| 109|0x000000061dc00000, 0x000000061dc00000, 0x000000061e000000|  0%| F|  |TAMS 0x000000061dc00000, 0x000000061dc00000| Untracked 
| 110|0x000000061e000000, 0x000000061e000000, 0x000000061e400000|  0%| F|  |TAMS 0x000000061e000000, 0x000000061e000000| Untracked 
| 111|0x000000061e400000, 0x000000061e400000, 0x000000061e800000|  0%| F|  |TAMS 0x000000061e400000, 0x000000061e400000| Untracked 
| 112|0x000000061e800000, 0x000000061e800000, 0x000000061ec00000|  0%| F|  |TAMS 0x000000061e800000, 0x000000061e800000| Untracked 
| 113|0x000000061ec00000, 0x000000061ec00000, 0x000000061f000000|  0%| F|  |TAMS 0x000000061ec00000, 0x000000061ec00000| Untracked 
| 114|0x000000061f000000, 0x000000061f000000, 0x000000061f400000|  0%| F|  |TAMS 0x000000061f000000, 0x000000061f000000| Untracked 
| 115|0x000000061f400000, 0x000000061f400000, 0x000000061f800000|  0%| F|  |TAMS 0x000000061f400000, 0x000000061f400000| Untracked 
| 116|0x000000061f800000, 0x000000061f800000, 0x000000061fc00000|  0%| F|  |TAMS 0x000000061f800000, 0x000000061f800000| Untracked 
| 117|0x000000061fc00000, 0x000000061fc00000, 0x0000000620000000|  0%| F|  |TAMS 0x000000061fc00000, 0x000000061fc00000| Untracked 
| 118|0x0000000620000000, 0x0000000620000000, 0x0000000620400000|  0%| F|  |TAMS 0x0000000620000000, 0x0000000620000000| Untracked 
| 119|0x0000000620400000, 0x0000000620400000, 0x0000000620800000|  0%| F|  |TAMS 0x0000000620400000, 0x0000000620400000| Untracked 
| 120|0x0000000620800000, 0x0000000620800000, 0x0000000620c00000|  0%| F|  |TAMS 0x0000000620800000, 0x0000000620800000| Untracked 
| 121|0x0000000620c00000, 0x0000000620f3ef80, 0x0000000621000000| 81%| S|CS|TAMS 0x0000000620c00000, 0x0000000620c00000| Complete 
| 122|0x0000000621000000, 0x0000000621000000, 0x0000000621400000|  0%| F|  |TAMS 0x0000000621000000, 0x0000000621000000| Untracked 
| 123|0x0000000621400000, 0x0000000621400000, 0x0000000621800000|  0%| F|  |TAMS 0x0000000621400000, 0x0000000621400000| Untracked 
| 124|0x0000000621800000, 0x0000000621800000, 0x0000000621c00000|  0%| F|  |TAMS 0x0000000621800000, 0x0000000621800000| Untracked 
| 125|0x0000000621c00000, 0x0000000621c00000, 0x0000000622000000|  0%| F|  |TAMS 0x0000000621c00000, 0x0000000621c00000| Untracked 
| 126|0x0000000622000000, 0x0000000622000000, 0x0000000622400000|  0%| F|  |TAMS 0x0000000622000000, 0x0000000622000000| Untracked 
| 127|0x0000000622400000, 0x00000006226317a8, 0x0000000622800000| 54%| E|  |TAMS 0x0000000622400000, 0x0000000622400000| Complete 

Card table byte_map: [0x00000255f2370000,0x00000255f3360000] _byte_map_base: 0x00000255ef35c000

Marking Bits (Prev, Next): (CMBitMap*) 0x00000255da3e95d0, (CMBitMap*) 0x00000255da3e9610
 Prev Bits: [0x00000255f4350000, 0x00000255fc2b0000)
 Next Bits: [0x0000025580000000, 0x0000025587f60000)

Polling page: 0x00000255d9b40000

Metaspace:

Usage:
  Non-class:      7.23 MB used.
      Class:    928.88 KB used.
       Both:      8.14 MB used.

Virtual space:
  Non-class space:        8.00 MB reserved,       7.31 MB ( 91%) committed,  1 nodes.
      Class space:        1.00 GB reserved,       1.00 MB ( <1%) committed,  1 nodes.
             Both:        1.01 GB reserved,       8.31 MB ( <1%) committed. 

Chunk freelists:
   Non-Class:  336.00 KB
       Class:  3.01 MB
        Both:  3.34 MB

MaxMetaspaceSize: unlimited
CompressedClassSpaceSize: 1.00 GB
Initial GC threshold: 21.00 MB
Current GC threshold: 21.00 MB
CDS: on
MetaspaceReclaimPolicy: balanced
 - commit_granule_bytes: 65536.
 - commit_granule_words: 8192.
 - virtual_space_node_default_size: 1048576.
 - enlarge_chunks_in_place: 1.
 - new_chunks_are_fully_committed: 0.
 - uncommit_free_chunks: 1.
 - use_allocation_guard: 0.
 - handle_deallocations: 1.


Internal statistics:

num_allocs_failed_limit: 0.
num_arena_births: 128.
num_arena_deaths: 0.
num_vsnodes_births: 2.
num_vsnodes_deaths: 0.
num_space_committed: 133.
num_space_uncommitted: 0.
num_chunks_returned_to_freelist: 0.
num_chunks_taken_from_freelist: 187.
num_chunk_merges: 0.
num_chunk_splits: 112.
num_chunks_enlarged: 68.
num_purges: 0.
num_inconsistent_stats: 0.

CodeHeap 'non-profiled nmethods': size=120000Kb used=486Kb max_used=486Kb free=119513Kb
 bounds [0x00000255e9900000, 0x00000255e9b70000, 0x00000255f0e30000]
CodeHeap 'profiled nmethods': size=120000Kb used=2349Kb max_used=2349Kb free=117650Kb
 bounds [0x00000255e23d0000, 0x00000255e2640000, 0x00000255e9900000]
CodeHeap 'non-nmethods': size=5760Kb used=1266Kb max_used=1298Kb free=4493Kb
 bounds [0x00000255e1e30000, 0x00000255e20a0000, 0x00000255e23d0000]
 total_blobs=1930 nmethods=1341 adapters=502
 compilation: enabled
              stopped_count=0, restarted_count=0
 full_count=0

Compilation events (20 events):
Event: 2.075 Thread 0x00000255fef7cf70 1319       4       java.lang.String::<init> (15 bytes)
Event: 2.075 Thread 0x00000255fef7e750 nmethod 1317 0x00000255e2610910 code [0x00000255e2610ae0, 0x00000255e2610e58]
Event: 2.075 Thread 0x00000255fef7e750 1318       3       java.util.HashMap::removeNode (291 bytes)
Event: 2.076 Thread 0x00000255fef7cf70 nmethod 1319 0x00000255e9977e10 code [0x00000255e9977f80, 0x00000255e99780f8]
Event: 2.076 Thread 0x00000255fef7e750 nmethod 1318 0x00000255e2610f90 code [0x00000255e2611220, 0x00000255e2612598]
Event: 2.076 Thread 0x00000255fef7cf70 1320 % !   4       MyAgent::run @ 720 (1272 bytes)
Event: 2.081 Thread 0x00000255fef7e750 1322       3       java.lang.ref.Reference::enqueueFromPending (19 bytes)
Event: 2.081 Thread 0x00000255fef7e750 nmethod 1322 0x00000255e2612a10 code [0x00000255e2612bc0, 0x00000255e2612de8]
Event: 2.081 Thread 0x00000255fef7e750 1323   !   3       java.lang.ref.ReferenceQueue::enqueue (119 bytes)
Event: 2.082 Thread 0x00000255fef7e750 nmethod 1323 0x00000255e2612e90 code [0x00000255e2613080, 0x00000255e2613788]
Event: 2.082 Thread 0x00000255fef7e750 1325       3       java.lang.ref.Reference::clear (5 bytes)
Event: 2.082 Thread 0x00000255fef7e750 nmethod 1325 0x00000255e2613990 code [0x00000255e2613b20, 0x00000255e2613c68]
Event: 2.082 Thread 0x00000255fef7e750 1327   !   3       jdk.internal.ref.PhantomCleanable::remove (60 bytes)
Event: 2.082 Thread 0x00000255fef7e750 nmethod 1327 0x00000255e2613d10 code [0x00000255e2613ec0, 0x00000255e26142f8]
Event: 2.090 Thread 0x00000255fef7e750 1328   !   3       sun.java2d.SunGraphics2D::validateCompClip (186 bytes)
Event: 2.091 Thread 0x00000255fef7e750 nmethod 1328 0x00000255e2614490 code [0x00000255e2614720, 0x00000255e26153f8]
Event: 2.091 Thread 0x00000255fef7e750 1329       1       sun.awt.image.SunVolatileImage::getWidth (5 bytes)
Event: 2.091 Thread 0x00000255fef7e750 nmethod 1329 0x00000255e9978d90 code [0x00000255e9978f20, 0x00000255e9978ff8]
Event: 2.091 Thread 0x00000255fef7e750 1330       1       sun.awt.image.SunVolatileImage::getHeight (5 bytes)
Event: 2.091 Thread 0x00000255fef7e750 nmethod 1330 0x00000255e9979090 code [0x00000255e9979220, 0x00000255e99792f8]

GC Heap History (2 events):
Event: 2.076 GC heap before
{Heap before GC invocations=0 (full 0):
 garbage-first heap   total 524288K, used 24576K [0x0000000602800000, 0x0000000800000000)
  region size 4096K, 6 young (24576K), 0 survivors (0K)
 Metaspace       used 8328K, committed 8512K, reserved 1056768K
  class space    used 928K, committed 1024K, reserved 1048576K
}
Event: 2.081 GC heap after
{Heap after GC invocations=1 (full 0):
 garbage-first heap   total 524288K, used 3323K [0x0000000602800000, 0x0000000800000000)
  region size 4096K, 1 young (4096K), 1 survivors (4096K)
 Metaspace       used 8328K, committed 8512K, reserved 1056768K
  class space    used 928K, committed 1024K, reserved 1048576K
}

Deoptimization events (20 events):
Event: 1.209 Thread 0x00000255908edce0 DEOPT PACKING pc=0x00000255e255d23f sp=0x000000e8062fee50
Event: 1.209 Thread 0x00000255908edce0 DEOPT UNPACKING pc=0x00000255e1e82b43 sp=0x000000e8062fe3e0 mode 0
Event: 1.392 Thread 0x000002558893e4c0 DEOPT PACKING pc=0x00000255e24c5056 sp=0x000000e8060fed50
Event: 1.392 Thread 0x000002558893e4c0 DEOPT UNPACKING pc=0x00000255e1e82b43 sp=0x000000e8060fe1d8 mode 0
Event: 1.640 Thread 0x000002558893e4c0 Uncommon trap: trap_request=0xffffffcc fr.pc=0x00000255e9963ca0 relative=0x0000000000001ec0
Event: 1.640 Thread 0x000002558893e4c0 Uncommon trap: reason=intrinsic_or_type_checked_inlining action=make_not_entrant pc=0x00000255e9963ca0 method=java.util.ArrayList$SubList.toArray([Ljava/lang/Object;)[Ljava/lang/Object; @ 58 c2
Event: 1.640 Thread 0x000002558893e4c0 DEOPT PACKING pc=0x00000255e9963ca0 sp=0x000000e8060fed20
Event: 1.640 Thread 0x000002558893e4c0 DEOPT UNPACKING pc=0x00000255e1e823a3 sp=0x000000e8060fec58 mode 2
Event: 1.825 Thread 0x000002558893e4c0 Uncommon trap: trap_request=0xffffffc6 fr.pc=0x00000255e994e718 relative=0x00000000000005d8
Event: 1.825 Thread 0x000002558893e4c0 Uncommon trap: reason=bimorphic_or_optimized_type_check action=maybe_recompile pc=0x00000255e994e718 method=java.util.HashMap.getNode(Ljava/lang/Object;)Ljava/util/HashMap$Node; @ 63 c2
Event: 1.825 Thread 0x000002558893e4c0 DEOPT PACKING pc=0x00000255e994e718 sp=0x000000e8060fedf0
Event: 1.825 Thread 0x000002558893e4c0 DEOPT UNPACKING pc=0x00000255e1e823a3 sp=0x000000e8060fed68 mode 2
Event: 1.950 Thread 0x000002558893e4c0 DEOPT PACKING pc=0x00000255e259f3b6 sp=0x000000e8060fee00
Event: 1.950 Thread 0x000002558893e4c0 DEOPT UNPACKING pc=0x00000255e1e82b43 sp=0x000000e8060fe298 mode 0
Event: 2.014 Thread 0x00000255908edce0 DEOPT PACKING pc=0x00000255e25dacc2 sp=0x000000e8062ff270
Event: 2.014 Thread 0x00000255908edce0 DEOPT UNPACKING pc=0x00000255e1e82b43 sp=0x000000e8062fe770 mode 0
Event: 2.074 Thread 0x000002558893e4c0 Uncommon trap: trap_request=0xffffffc6 fr.pc=0x00000255e994e718 relative=0x00000000000005d8
Event: 2.074 Thread 0x000002558893e4c0 Uncommon trap: reason=bimorphic_or_optimized_type_check action=maybe_recompile pc=0x00000255e994e718 method=java.util.HashMap.getNode(Ljava/lang/Object;)Ljava/util/HashMap$Node; @ 63 c2
Event: 2.074 Thread 0x000002558893e4c0 DEOPT PACKING pc=0x00000255e994e718 sp=0x000000e8060fedf0
Event: 2.074 Thread 0x000002558893e4c0 DEOPT UNPACKING pc=0x00000255e1e823a3 sp=0x000000e8060fed68 mode 2

Classes unloaded (0 events):
No events

Classes redefined (0 events):
No events

Internal exceptions (18 events):
Event: 0.086 Thread 0x00000255ffb69e00 Exception <a 'java/lang/NoSuchMethodError'{0x000000062266af10}: 'java.lang.Object java.lang.invoke.DirectMethodHandle$Holder.invokeStaticInit(java.lang.Object)'> (0x000000062266af10) 
thrown [e:\jenkins\tmp\workspace\build\src\src\hotspot\share\interpreter\linkResolver.cpp, line 766]
Event: 0.091 Thread 0x00000255ffb69e00 Exception <a 'java/lang/NoSuchMethodError'{0x0000000622678db0}: 'void java.lang.invoke.DirectMethodHandle$Holder.invokeStatic(java.lang.Object, java.lang.Object)'> (0x0000000622678db0) 
thrown [e:\jenkins\tmp\workspace\build\src\src\hotspot\share\interpreter\linkResolver.cpp, line 766]
Event: 0.102 Thread 0x00000255da373820 Exception <a 'java/lang/ClassNotFoundException'{0x00000006226fcb00}: sun/awt/resources/spi/awtProvider> (0x00000006226fcb00) 
thrown [e:\jenkins\tmp\workspace\build\src\src\hotspot\share\classfile\systemDictionary.cpp, line 256]
Event: 0.118 Thread 0x00000255da373820 Exception <a 'java/io/FileNotFoundException'{0x00000006227506f8}> (0x00000006227506f8) 
thrown [e:\jenkins\tmp\workspace\build\src\src\hotspot\share\prims\jni.cpp, line 516]
Event: 0.124 Thread 0x00000255da373820 Exception <a 'java/io/FileNotFoundException'{0x000000062277d940}> (0x000000062277d940) 
thrown [e:\jenkins\tmp\workspace\build\src\src\hotspot\share\prims\jni.cpp, line 516]
Event: 0.331 Thread 0x00000255da373820 Exception <a 'java/lang/NoSuchMethodError'{0x00000006220956a8}: 'void java.lang.invoke.DirectMethodHandle$Holder.invokeSpecial(java.lang.Object, java.lang.Object, java.lang.Object)'> (0x00000006220956a8) 
thrown [e:\jenkins\tmp\workspace\build\src\src\hotspot\share\interpreter\linkResolver.cpp, line 766]
Event: 0.337 Thread 0x00000255da373820 Exception <a 'java/lang/NoSuchMethodError'{0x00000006220bf858}: 'java.lang.Object java.lang.invoke.DirectMethodHandle$Holder.newInvokeSpecial(java.lang.Object, java.lang.Object, java.lang.Object, java.lang.Object, java.lang.Object)'> (0x00000006220bf858) 
thrown [e:\jenkins\tmp\workspace\build\src\src\hotspot\share\interpreter\linkResolver.cpp, line 766]
Event: 0.339 Thread 0x00000255da373820 Exception <a 'java/lang/NoSuchMethodError'{0x00000006220cb220}: 'java.lang.Object java.lang.invoke.DirectMethodHandle$Holder.invokeStatic(java.lang.Object, int, java.lang.Object, java.lang.Object, java.lang.Object, java.lang.Object)'> (0x00000006220cb220) 
thrown [e:\jenkins\tmp\workspace\build\src\src\hotspot\share\interpreter\linkResolver.cpp, line 766]
Event: 0.343 Thread 0x00000255da373820 Exception <a 'java/lang/NoSuchMethodError'{0x00000006220f09e0}: 'java.lang.Object java.lang.invoke.DirectMethodHandle$Holder.invokeStatic(java.lang.Object, int, java.lang.Object)'> (0x00000006220f09e0) 
thrown [e:\jenkins\tmp\workspace\build\src\src\hotspot\share\interpreter\linkResolver.cpp, line 766]
Event: 0.367 Thread 0x00000255da373820 Exception <a 'java/lang/ClassNotFoundException'{0x00000006221a8b18}: com/sun/swing/internal/plaf/metal/resources/spi/metalProvider> (0x00000006221a8b18) 
thrown [e:\jenkins\tmp\workspace\build\src\src\hotspot\share\classfile\systemDictionary.cpp, line 256]
Event: 0.367 Thread 0x00000255da373820 Exception <a 'java/lang/ClassNotFoundException'{0x00000006221ac9c0}: com/sun/swing/internal/plaf/basic/resources/spi/basicProvider> (0x00000006221ac9c0) 
thrown [e:\jenkins\tmp\workspace\build\src\src\hotspot\share\classfile\systemDictionary.cpp, line 256]
Event: 0.389 Thread 0x00000255da373820 Exception <a 'java/lang/NoSuchMethodError'{0x000000062222ff90}: 'java.lang.Object java.lang.invoke.DirectMethodHandle$Holder.invokeStaticInit(java.lang.Object, int, int, int, int)'> (0x000000062222ff90) 
thrown [e:\jenkins\tmp\workspace\build\src\src\hotspot\share\interpreter\linkResolver.cpp, line 766]
Event: 0.403 Thread 0x00000255ffc78f30 Exception <a 'java/lang/NoSuchMethodError'{0x000000062200f878}: 'void java.lang.invoke.DirectMethodHandle$Holder.invokeVirtual(java.lang.Object, java.lang.Object)'> (0x000000062200f878) 
thrown [e:\jenkins\tmp\workspace\build\src\src\hotspot\share\interpreter\linkResolver.cpp, line 766]
Event: 0.415 Thread 0x00000255da373820 Exception <a 'java/lang/NoSuchMethodError'{0x00000006222f21c8}: 'void java.lang.invoke.DirectMethodHandle$Holder.invokeStaticInit(java.lang.Object)'> (0x00000006222f21c8) 
thrown [e:\jenkins\tmp\workspace\build\src\src\hotspot\share\interpreter\linkResolver.cpp, line 766]
Event: 0.549 Thread 0x000002558893e4c0 Exception <a 'java/lang/NoSuchMethodError'{0x0000000621c93920}: 'java.lang.Object java.lang.invoke.DirectMethodHandle$Holder.invokeStaticInit(java.lang.Object, java.lang.Object, int, int, int, int)'> (0x0000000621c93920) 
thrown [e:\jenkins\tmp\workspace\build\src\src\hotspot\share\interpreter\linkResolver.cpp, line 766]
Event: 0.600 Thread 0x00000255da373820 Exception <a 'java/lang/NoSuchMethodError'{0x000000062235c700}: 'java.lang.Object java.lang.invoke.DirectMethodHandle$Holder.newInvokeSpecial(java.lang.Object, java.lang.Object, java.lang.Object, int)'> (0x000000062235c700) 
thrown [e:\jenkins\tmp\workspace\build\src\src\hotspot\share\interpreter\linkResolver.cpp, line 766]
Event: 0.600 Thread 0x00000255da373820 Exception <a 'java/lang/NoSuchMethodError'{0x0000000622360838}: 'java.lang.Object java.lang.invoke.DirectMethodHandle$Holder.invokeSpecial(java.lang.Object, java.lang.Object, java.lang.Object, java.lang.Object, int)'> (0x0000000622360838) 
thrown [e:\jenkins\tmp\workspace\build\src\src\hotspot\share\interpreter\linkResolver.cpp, line 766]
Event: 0.601 Thread 0x00000255da373820 Exception <a 'java/lang/NoSuchMethodError'{0x0000000621e68b18}: 'java.lang.Object java.lang.invoke.Invokers$Holder.linkToTargetMethod(java.lang.Object, java.lang.Object, int, java.lang.Object)'> (0x0000000621e68b18) 
thrown [e:\jenkins\tmp\workspace\build\src\src\hotspot\share\interpreter\linkResolver.cpp, line 766]

VM Operations (14 events):
Event: 0.052 Executing VM operation: HandshakeAllThreads
Event: 0.052 Executing VM operation: HandshakeAllThreads done
Event: 0.084 Executing VM operation: HandshakeAllThreads
Event: 0.084 Executing VM operation: HandshakeAllThreads done
Event: 0.392 Executing VM operation: HandshakeAllThreads
Event: 0.392 Executing VM operation: HandshakeAllThreads done
Event: 0.429 Executing VM operation: HandshakeAllThreads
Event: 0.429 Executing VM operation: HandshakeAllThreads done
Event: 0.502 Executing VM operation: HandshakeAllThreads
Event: 0.502 Executing VM operation: HandshakeAllThreads done
Event: 1.515 Executing VM operation: Cleanup
Event: 1.515 Executing VM operation: Cleanup done
Event: 2.076 Executing VM operation: G1CollectForAllocation
Event: 2.081 Executing VM operation: G1CollectForAllocation done

Events (20 events):
Event: 1.069 loading class sun/util/resources/TimeZoneNamesBundle
Event: 1.069 loading class sun/util/resources/OpenListResourceBundle
Event: 1.069 loading class sun/util/resources/OpenListResourceBundle done
Event: 1.069 loading class sun/util/resources/TimeZoneNamesBundle done
Event: 1.069 loading class sun/util/resources/cldr/TimeZoneNames done
Event: 1.069 loading class sun/util/resources/cldr/TimeZoneNames_en
Event: 1.070 loading class sun/util/resources/cldr/TimeZoneNames_en done
Event: 1.070 loading class sun/util/resources/cldr/TimeZoneNames_en_US
Event: 1.070 loading class sun/util/resources/cldr/TimeZoneNames_en_US done
Event: 1.071 loading class sun/util/resources/TimeZoneNames
Event: 1.071 loading class sun/util/resources/TimeZoneNames done
Event: 1.071 loading class sun/util/resources/TimeZoneNames_en
Event: 1.071 loading class sun/util/resources/TimeZoneNames_en done
Event: 2.073 loading class jdk/internal/misc/Signal$1
Event: 2.073 loading class jdk/internal/misc/Signal$1 done
Event: 2.073 Thread 0x00000255908ec000 Thread added: 0x00000255908ec000
Event: 2.073 Thread 0x00000255908eb190 Thread added: 0x00000255908eb190
Event: 2.073 Thread 0x00000255908ed810 Thread added: 0x00000255908ed810
Event: 2.073 Thread 0x00000255908ed810 Thread exited: 0x00000255908ed810
Event: 2.075 Thread 0x00000255889e6790 Thread exited: 0x00000255889e6790


Dynamic libraries:
0x00007ff602130000 - 0x00007ff60213e000 	C:\Program Files\Eclipse Adoptium\jdk-17.0.1.12-hotspot\bin\java.exe
0x00007ff85dcf0000 - 0x00007ff85df04000 	C:\WINDOWS\SYSTEM32\ntdll.dll
0x00007ff85d1b0000 - 0x00007ff85d272000 	C:\WINDOWS\System32\KERNEL32.DLL
0x00007ff85b360000 - 0x00007ff85b6fc000 	C:\WINDOWS\System32\KERNELBASE.dll
0x00007ff85b700000 - 0x00007ff85b811000 	C:\WINDOWS\System32\ucrtbase.dll
0x00007ff856c90000 - 0x00007ff856ca9000 	C:\Program Files\Eclipse Adoptium\jdk-17.0.1.12-hotspot\bin\VCRUNTIME140.dll
0x00007ff852eb0000 - 0x00007ff852ec8000 	C:\Program Files\Eclipse Adoptium\jdk-17.0.1.12-hotspot\bin\jli.dll
0x00007ff85d440000 - 0x00007ff85d5ea000 	C:\WINDOWS\System32\USER32.dll
0x00007ff83de40000 - 0x00007ff83e0ce000 	C:\WINDOWS\WinSxS\amd64_microsoft.windows.common-controls_6595b64144ccf1df_6.0.22621.608_none_a9444ca7c10bb01d\COMCTL32.dll
0x00007ff85b330000 - 0x00007ff85b356000 	C:\WINDOWS\System32\win32u.dll
0x00007ff85d390000 - 0x00007ff85d437000 	C:\WINDOWS\System32\msvcrt.dll
0x00007ff85c190000 - 0x00007ff85c1b9000 	C:\WINDOWS\System32\GDI32.dll
0x00007ff85b210000 - 0x00007ff85b322000 	C:\WINDOWS\System32\gdi32full.dll
0x00007ff85b170000 - 0x00007ff85b20a000 	C:\WINDOWS\System32\msvcp_win.dll
0x00007ff85cdd0000 - 0x00007ff85ce01000 	C:\WINDOWS\System32\IMM32.DLL
0x00007ff856560000 - 0x00007ff85656c000 	C:\Program Files\Eclipse Adoptium\jdk-17.0.1.12-hotspot\bin\vcruntime140_1.dll
0x00007ff852da0000 - 0x00007ff852e31000 	C:\Program Files\Eclipse Adoptium\jdk-17.0.1.12-hotspot\bin\msvcp140.dll
0x00007fffc4b30000 - 0x00007fffc5776000 	C:\Program Files\Eclipse Adoptium\jdk-17.0.1.12-hotspot\bin\server\jvm.dll
0x00007ff85cc70000 - 0x00007ff85cd1e000 	C:\WINDOWS\System32\ADVAPI32.dll
0x00007ff85d610000 - 0x00007ff85d6b4000 	C:\WINDOWS\System32\sechost.dll
0x00007ff85d6c0000 - 0x00007ff85d7d5000 	C:\WINDOWS\System32\RPCRT4.dll
0x00007ff85d280000 - 0x00007ff85d288000 	C:\WINDOWS\System32\PSAPI.DLL
0x00007ff836b30000 - 0x00007ff836b39000 	C:\WINDOWS\SYSTEM32\WSOCK32.dll
0x00007ff853200000 - 0x00007ff85320a000 	C:\WINDOWS\SYSTEM32\VERSION.dll
0x00007ff852cb0000 - 0x00007ff852ce4000 	C:\WINDOWS\SYSTEM32\WINMM.dll
0x00007ff85cd20000 - 0x00007ff85cd91000 	C:\WINDOWS\System32\WS2_32.dll
0x00007ff85a220000 - 0x00007ff85a238000 	C:\WINDOWS\SYSTEM32\kernel.appcore.dll
0x00007ff852ea0000 - 0x00007ff852eaa000 	C:\Program Files\Eclipse Adoptium\jdk-17.0.1.12-hotspot\bin\jimage.dll
0x00007ff83f660000 - 0x00007ff83f88e000 	C:\WINDOWS\SYSTEM32\DBGHELP.DLL
0x00007ff85ce10000 - 0x00007ff85d199000 	C:\WINDOWS\System32\combase.dll
0x00007ff85c1c0000 - 0x00007ff85c297000 	C:\WINDOWS\System32\OLEAUT32.dll
0x00007ff839fe0000 - 0x00007ff83a012000 	C:\WINDOWS\SYSTEM32\dbgcore.DLL
0x00007ff85b0f0000 - 0x00007ff85b16b000 	C:\WINDOWS\System32\bcryptPrimitives.dll
0x00007ff84db20000 - 0x00007ff84db2e000 	C:\Program Files\Eclipse Adoptium\jdk-17.0.1.12-hotspot\bin\instrument.dll
0x00007ff84bc60000 - 0x00007ff84bc85000 	C:\Program Files\Eclipse Adoptium\jdk-17.0.1.12-hotspot\bin\java.dll
0x00007ff83fec0000 - 0x00007ff83ff96000 	C:\Program Files\Eclipse Adoptium\jdk-17.0.1.12-hotspot\bin\svml.dll
0x00007ff85c2a0000 - 0x00007ff85ca7d000 	C:\WINDOWS\System32\SHELL32.dll
0x00007ff859110000 - 0x00007ff8599c7000 	C:\WINDOWS\SYSTEM32\windows.storage.dll
0x00007ff858fd0000 - 0x00007ff85910d000 	C:\WINDOWS\SYSTEM32\wintypes.dll
0x00007ff85d290000 - 0x00007ff85d381000 	C:\WINDOWS\System32\SHCORE.dll
0x00007ff85da10000 - 0x00007ff85da6e000 	C:\WINDOWS\System32\shlwapi.dll
0x00007ff85b020000 - 0x00007ff85b041000 	C:\WINDOWS\SYSTEM32\profapi.dll
0x00007ff846ba0000 - 0x00007ff846bb8000 	C:\Program Files\Eclipse Adoptium\jdk-17.0.1.12-hotspot\bin\zip.dll
0x00007ff84b7e0000 - 0x00007ff84b7f9000 	C:\Program Files\Eclipse Adoptium\jdk-17.0.1.12-hotspot\bin\net.dll
0x00007ff8539d0000 - 0x00007ff853aff000 	C:\WINDOWS\SYSTEM32\WINHTTP.dll
0x00007ff85a670000 - 0x00007ff85a6d9000 	C:\WINDOWS\system32\mswsock.dll
0x00007ff846bc0000 - 0x00007ff846bd5000 	C:\Program Files\Eclipse Adoptium\jdk-17.0.1.12-hotspot\bin\nio.dll
0x00007ff845c60000 - 0x00007ff845c7a000 	C:\Program Files\JetBrains\IntelliJ IDEA 2022.2.1\bin\breakgen64.dll
0x00007fffb4810000 - 0x00007fffb499e000 	C:\Program Files\Eclipse Adoptium\jdk-17.0.1.12-hotspot\bin\awt.dll
0x00007ff858660000 - 0x00007ff8586f7000 	C:\WINDOWS\SYSTEM32\apphelp.dll
0x00007ff858a60000 - 0x00007ff858a8b000 	C:\WINDOWS\system32\DWMAPI.DLL
0x00007ff858740000 - 0x00007ff8587eb000 	C:\WINDOWS\system32\uxtheme.dll
0x00007ff83b700000 - 0x00007ff83b800000 	C:\WINDOWS\system32\opengl32.dll
0x00007ff84b6e0000 - 0x00007ff84b70d000 	C:\WINDOWS\SYSTEM32\GLU32.dll
0x00007ff858820000 - 0x00007ff858856000 	C:\WINDOWS\SYSTEM32\dxcore.dll
0x00007ff85c070000 - 0x00007ff85c18e000 	C:\WINDOWS\System32\MSCTF.dll
0x00007ff85cad0000 - 0x00007ff85cc6c000 	C:\WINDOWS\System32\ole32.dll
0x00007ff85ad90000 - 0x00007ff85ada2000 	C:\WINDOWS\SYSTEM32\msasn1.dll
0x00007ff853080000 - 0x00007ff8530b2000 	C:\WINDOWS\SYSTEM32\cryptnet.dll
0x00007ff85b950000 - 0x00007ff85bab6000 	C:\WINDOWS\System32\CRYPT32.dll
0x00007ff852f00000 - 0x00007ff853058000 	C:\WINDOWS\SYSTEM32\drvstore.dll
0x00007ff85adb0000 - 0x00007ff85addc000 	C:\WINDOWS\SYSTEM32\devobj.dll
0x00007ff85ade0000 - 0x00007ff85ae2f000 	C:\WINDOWS\SYSTEM32\cfgmgr32.dll
0x00007ff85a8e0000 - 0x00007ff85a928000 	C:\WINDOWS\SYSTEM32\wldp.dll
0x00007ff85a960000 - 0x00007ff85a96c000 	C:\WINDOWS\SYSTEM32\cryptbase.dll
0x00007ff85b820000 - 0x00007ff85b889000 	C:\WINDOWS\System32\WINTRUST.DLL
0x00007ff85d5f0000 - 0x00007ff85d60f000 	C:\WINDOWS\System32\imagehlp.dll
0x00007ff85a980000 - 0x00007ff85a99b000 	C:\WINDOWS\SYSTEM32\CRYPTSP.dll
0x00007ff85a190000 - 0x00007ff85a1c5000 	C:\WINDOWS\system32\rsaenh.dll
0x00007ff85aaa0000 - 0x00007ff85aac8000 	C:\WINDOWS\SYSTEM32\bcrypt.dll
0x00007ff811e60000 - 0x00007ff81212e000 	C:\WINDOWS\system32\nvspcap64.dll
0x00007ff85a240000 - 0x00007ff85a274000 	C:\WINDOWS\SYSTEM32\ntmarta.dll
0x00007ff85a6e0000 - 0x00007ff85a706000 	C:\WINDOWS\SYSTEM32\gpapi.dll
0x00007ff83fe30000 - 0x00007ff83feb9000 	C:\Program Files\Eclipse Adoptium\jdk-17.0.1.12-hotspot\bin\freetype.dll
0x00007fffd5d50000 - 0x00007fffd5df8000 	C:\Program Files\Eclipse Adoptium\jdk-17.0.1.12-hotspot\bin\fontmanager.dll
0x00007ff85a710000 - 0x00007ff85a738000 	C:\WINDOWS\SYSTEM32\USERENV.dll
0x00007ff859c90000 - 0x00007ff859cbd000 	C:\WINDOWS\SYSTEM32\IPHLPAPI.DLL
0x00007ff85cdc0000 - 0x00007ff85cdc9000 	C:\WINDOWS\System32\NSI.dll
0x00007ff845680000 - 0x00007ff8457ad000 	C:\WINDOWS\SYSTEM32\textinputframework.dll
0x00007ff8539b0000 - 0x00007ff8539c9000 	C:\WINDOWS\SYSTEM32\dhcpcsvc6.DLL
0x00007ff853990000 - 0x00007ff8539af000 	C:\WINDOWS\SYSTEM32\dhcpcsvc.DLL
0x00007ff859d00000 - 0x00007ff859df2000 	C:\WINDOWS\SYSTEM32\DNSAPI.dll
0x00007ff858380000 - 0x00007ff8584b3000 	C:\WINDOWS\SYSTEM32\CoreMessaging.dll
0x00007ff855040000 - 0x00007ff8553ac000 	C:\WINDOWS\SYSTEM32\CoreUIComponents.dll

dbghelp: loaded successfully - version: 4.0.5 - missing functions: none
symbol engine: initialized successfully - sym options: 0x614 - pdb path: .;C:\Program Files\Eclipse Adoptium\jdk-17.0.1.12-hotspot\bin;C:\WINDOWS\SYSTEM32;C:\WINDOWS\WinSxS\amd64_microsoft.windows.common-controls_6595b64144ccf1df_6.0.22621.608_none_a9444ca7c10bb01d;C:\Program Files\Eclipse Adoptium\jdk-17.0.1.12-hotspot\bin\server;C:\Program Files\JetBrains\IntelliJ IDEA 2022.2.1\bin;C:\WINDOWS\System32\DriverStore\FileRepository\nvaci.inf_amd64_91df09c5579a85f3;C:\WINDOWS\System32\DriverStore\FileRepository\iigd_dch.inf_amd64_7201e626b4d0f6fe

VM Arguments:
jvm_args: -javaagent:C:\Program Files\JetBrains\IntelliJ IDEA 2022.2.1\lib\idea_rt.jar=2485:C:\Program Files\JetBrains\IntelliJ IDEA 2022.2.1\bin -Dfile.encoding=UTF-8 
java_command: MyAgent -develop
java_class_path (initial): C:\Users\ACER PREDATOR 300\IdeaProjects\SnakeAIv1\out\production\SnakeAIv1;C:\Users\ACER PREDATOR 300\IdeaProjects\SnakeAIv1\libraries\Snake2022-v1.jar
Launcher Type: SUN_STANDARD

[Global flags]
     intx CICompilerCount                          = 4                                         {product} {ergonomic}
     uint ConcGCThreads                            = 3                                         {product} {ergonomic}
     uint G1ConcRefinementThreads                  = 10                                        {product} {ergonomic}
   size_t G1HeapRegionSize                         = 4194304                                   {product} {ergonomic}
    uintx GCDrainStackTargetSize                   = 64                                        {product} {ergonomic}
   size_t InitialHeapSize                          = 536870912                                 {product} {ergonomic}
   size_t MarkStackSize                            = 4194304                                   {product} {ergonomic}
   size_t MaxHeapSize                              = 8547991552                                {product} {ergonomic}
   size_t MaxNewSize                               = 5125439488                                {product} {ergonomic}
   size_t MinHeapDeltaBytes                        = 4194304                                   {product} {ergonomic}
   size_t MinHeapSize                              = 8388608                                   {product} {ergonomic}
    uintx NonNMethodCodeHeapSize                   = 5839372                                {pd product} {ergonomic}
    uintx NonProfiledCodeHeapSize                  = 122909434                              {pd product} {ergonomic}
    uintx ProfiledCodeHeapSize                     = 122909434                              {pd product} {ergonomic}
    uintx ReservedCodeCacheSize                    = 251658240                              {pd product} {ergonomic}
     bool SegmentedCodeCache                       = true                                      {product} {ergonomic}
   size_t SoftMaxHeapSize                          = 8547991552                             {manageable} {ergonomic}
     bool UseCompressedClassPointers               = true                           {product lp64_product} {ergonomic}
     bool UseCompressedOops                        = true                           {product lp64_product} {ergonomic}
     bool UseG1GC                                  = true                                      {product} {ergonomic}
     bool UseLargePagesIndividualAllocation        = false                                  {pd product} {ergonomic}

Logging:
Log output configuration:
 #0: stdout all=warning uptime,level,tags
 #1: stderr all=off uptime,level,tags

Environment Variables:
JAVA_HOME=C:\Program Files\Java\jre1.8.0_321
PATH=C:\Program Files (x86)\VMware\VMware Workstation\bin\;C:\ProgramData\scoop\shims;C:\Program Files\Eclipse Adoptium\jdk-17.0.1.12-hotspot\bin;C:\Program Files (x86)\Common Files\Oracle\Java\javapath;C:\Windows\system32;C:\Windows;C:\Windows\System32\Wbem;C:\Windows\System32\WindowsPowerShell\v1.0\;C:\Windows\System32\OpenSSH\;C:\Program Files (x86)\NVIDIA Corporation\PhysX\Common;C:\WINDOWS\system32;C:\WINDOWS;C:\WINDOWS\System32\Wbem;C:\WINDOWS\System32\WindowsPowerShell\v1.0\;C:\WINDOWS\System32\OpenSSH\;C:\Program Files\dotnet\;C:\msys64\mingw64\bin;C:\Program Files\NVIDIA Corporation\NVIDIA NvDLISR;C:\ffmpeg;C:\src\flutter\bin;C:\Program Files\MySQL\MySQL Server 8.0\bin;C:\Program Files\VideoLAN\VLC\;C:\Program Files\nodejs\;C:\ProgramData\chocolatey\bin;C:\Program Files\Git\cmd;C:\Program Files (x86)\ZeroTier\One\;C:\WINDOWS\system32;C:\WINDOWS;C:\WINDOWS\System32\Wbem;C:\WINDOWS\System32\WindowsPowerShell\v1.0\;C:\WINDOWS\System32\OpenSSH\;C:\Users\ACER PREDATOR 300\AppData\Local\Programs\Python\Python310\Scripts\;C:\Users\ACER PREDATOR 300\AppData\Local\Programs\Python\Python310\;C:\Users\ACER PREDATOR 300\scoop\shims;C:\Users\ACER PREDATOR 300\AppData\Local\Microsoft\WindowsApps;C:\Users\ACER PREDATOR 300\AppData\Local\Programs\Microsoft VS Code\bin;C:\Users\ACER PREDATOR 300\.dotnet\tools;C:\Users\ACER PREDATOR 300\AppData\Local\Programs\Hyper\resources\bin;C:\Users\ACER PREDATOR 300\AppData\Roaming\npm;C:\Users\ACER PREDATOR 300\AppData\Local\GitHubDesktop\bin;C:\Program Files\JetBrains\IntelliJ IDEA 2022.2.1\bin;;C:\Users\ACER PREDATOR 300\AppData\Local\Microsoft\WindowsApps;C:\Users\ACER PREDATOR 300\.dotnet\tools
USERNAME=ACER PREDATOR 300
OS=Windows_NT
PROCESSOR_IDENTIFIER=Intel64 Family 6 Model 158 Stepping 10, GenuineIntel



---------------  S Y S T E M  ---------------

OS:
 Windows 10 , 64 bit Build 22621 (10.0.22621.608)
OS uptime: 0 days 19:21 hours
Hyper-V role detected

CPU: total 12 (initial active 12) (6 cores per cpu, 2 threads per core) family 6 model 158 stepping 10 microcode 0xde, cx8, cmov, fxsr, ht, mmx, 3dnowpref, sse, sse2, sse3, ssse3, sse4.1, sse4.2, popcnt, lzcnt, tsc, tscinvbit, avx, avx2, aes, erms, clmul, bmi1, bmi2, adx, fma, vzeroupper, clflush, clflushopt, hv

Memory: 4k page, system-wide physical 32607M (19079M free)
TotalPageFile size 34655M (AvailPageFile size 15548M)
current process WorkingSet (physical memory assigned to process): 98M, peak: 101M
current process commit charge ("private bytes"): 652M, peak: 653M

vm_info: OpenJDK 64-Bit Server VM (17.0.1+12) for windows-amd64 JRE (17.0.1+12), built on Oct 20 2021 07:42:55 by "" with MS VC++ 16.7 (VS2019)

END.
